<?xml version="1.0" encoding="UTF-8"?>
<testng-results skipped="0" failed="0" ignored="0" total="0" passed="0">
  <reporter-output>
  </reporter-output>
  <suite name="com.qa.Rediff.Base.TestBase" duration-ms="99" started-at="2021-03-03T19:46:14 IST" finished-at="2021-03-03T19:46:14 IST">
    <groups>
    </groups>
    <test name="Command line test" duration-ms="99" started-at="2021-03-03T19:46:14 IST" finished-at="2021-03-03T19:46:14 IST">
      <class name="com.qa.Rediff.Base.TestBase">
        <test-method status="PASS" signature="setUp()[pri:0, instance:com.qa.Rediff.Base.TestBase@59494225]" name="setUp" is-config="true" duration-ms="39490" started-at="2021-03-03T19:45:35 IST" finished-at="2021-03-03T19:46:14 IST">
          <reporter-output>
          </reporter-output>
        </test-method> <!-- setUp -->
        <test-method status="PASS" signature="browserend()[pri:0, instance:com.qa.Rediff.Base.TestBase@59494225]" name="browserend" is-config="true" duration-ms="811" started-at="2021-03-03T19:46:14 IST" finished-at="2021-03-03T19:46:15 IST">
          <reporter-output>
          </reporter-output>
        </test-method> <!-- browserend -->
      </class> <!-- com.qa.Rediff.Base.TestBase -->
    </test> <!-- Command line test -->
  </suite> <!-- com.qa.Rediff.Base.TestBase -->
</testng-results>
