<?xml version="1.0" encoding="UTF-8"?>
<testng-results skipped="0" failed="0" ignored="0" total="1" passed="1">
  <reporter-output>
  </reporter-output>
  <suite name="Default suite" duration-ms="2854" started-at="2021-03-04T09:52:51 IST" finished-at="2021-03-04T09:52:53 IST">
    <groups>
    </groups>
    <test name="Default test" duration-ms="2854" started-at="2021-03-04T09:52:51 IST" finished-at="2021-03-04T09:52:53 IST">
      <class name="com.qa.Rediff.TestCase.RediffTestCases">
        <test-method status="PASS" signature="setUp()[pri:0, instance:com.qa.Rediff.TestCase.RediffTestCases@2a556333]" name="setUp" is-config="true" duration-ms="9939" started-at="2021-03-04T09:52:41 IST" finished-at="2021-03-04T09:52:51 IST">
          <reporter-output>
          </reporter-output>
        </test-method> <!-- setUp -->
        <test-method status="PASS" signature="bTest()[pri:0, instance:com.qa.Rediff.TestCase.RediffTestCases@2a556333]" name="bTest" is-config="true" duration-ms="2687" started-at="2021-03-04T09:52:51 IST" finished-at="2021-03-04T09:52:53 IST">
          <reporter-output>
          </reporter-output>
        </test-method> <!-- bTest -->
        <test-method status="PASS" signature="testt()[pri:0, instance:com.qa.Rediff.TestCase.RediffTestCases@2a556333]" name="testt" duration-ms="10" started-at="2021-03-04T09:52:53 IST" finished-at="2021-03-04T09:52:53 IST">
          <reporter-output>
          </reporter-output>
        </test-method> <!-- testt -->
        <test-method status="PASS" signature="aTest()[pri:0, instance:com.qa.Rediff.TestCase.RediffTestCases@2a556333]" name="aTest" is-config="true" duration-ms="1" started-at="2021-03-04T09:52:53 IST" finished-at="2021-03-04T09:52:53 IST">
          <reporter-output>
          </reporter-output>
        </test-method> <!-- aTest -->
        <test-method status="PASS" signature="browserend()[pri:0, instance:com.qa.Rediff.TestCase.RediffTestCases@2a556333]" name="browserend" is-config="true" duration-ms="725" started-at="2021-03-04T09:52:54 IST" finished-at="2021-03-04T09:52:54 IST">
          <reporter-output>
          </reporter-output>
        </test-method> <!-- browserend -->
      </class> <!-- com.qa.Rediff.TestCase.RediffTestCases -->
    </test> <!-- Default test -->
  </suite> <!-- Default suite -->
</testng-results>
